This file contains any messages produced by compilers while
running configure, to aid debugging if configure makes a mistake.

It was created by telegram-cli configure 1.0, which was
generated by GNU Autoconf 2.69.  Invocation command line was

  $ ./configure 

## --------- ##
## Platform. ##
## --------- ##

hostname = kali
uname -m = aarch64
uname -r = 3.10.102-DarkBeast-Kernel+
uname -s = Linux
uname -v = #1 SMP PREEMPT Tue Sep 13 11:12:08 UTC 2016

/usr/bin/uname -p = unknown
/bin/uname -X     = unknown

/bin/arch              = unknown
/usr/bin/arch -k       = unknown
/usr/convex/getsysinfo = unknown
/usr/bin/hostinfo      = unknown
/bin/machine           = unknown
/usr/bin/oslevel       = unknown
/bin/universe          = unknown

PATH: /usr/local/sbin
PATH: /usr/local/bin
PATH: /usr/sbin
PATH: /usr/bin
PATH: /sbin
PATH: /bin
PATH: /system/xbin


## ----------- ##
## Core tests. ##
## ----------- ##

configure:2755: checking for gcc
configure:2771: found /usr/bin/gcc
configure:2782: result: gcc
configure:3011: checking for C compiler version
configure:3020: gcc --version >&5
gcc (Debian 6.1.1-11) 6.1.1 20160802
Copyright (C) 2016 Free Software Foundation, Inc.
This is free software; see the source for copying conditions.  There is NO
warranty; not even for MERCHANTABILITY or FITNESS FOR A PARTICULAR PURPOSE.

configure:3031: $? = 0
configure:3020: gcc -v >&5
Using built-in specs.
COLLECT_GCC=gcc
COLLECT_LTO_WRAPPER=/usr/lib/gcc/arm-linux-gnueabihf/6/lto-wrapper
Target: arm-linux-gnueabihf
Configured with: ../src/configure -v --with-pkgversion='Debian 6.1.1-11' --with-bugurl=file:///usr/share/doc/gcc-6/README.Bugs --enable-languages=c,ada,c++,java,go,d,fortran,objc,obj-c++ --prefix=/usr --program-suffix=-6 --enable-shared --enable-linker-build-id --libexecdir=/usr/lib --without-included-gettext --enable-threads=posix --libdir=/usr/lib --enable-nls --with-sysroot=/ --enable-clocale=gnu --enable-libstdcxx-debug --enable-libstdcxx-time=yes --with-default-libstdcxx-abi=new --enable-gnu-unique-object --disable-libitm --disable-libquadmath --enable-plugin --with-system-zlib --disable-browser-plugin --enable-java-awt=gtk --enable-gtk-cairo --with-java-home=/usr/lib/jvm/java-1.5.0-gcj-6-armhf/jre --enable-java-home --with-jvm-root-dir=/usr/lib/jvm/java-1.5.0-gcj-6-armhf --with-jvm-jar-dir=/usr/lib/jvm-exports/java-1.5.0-gcj-6-armhf --with-arch-directory=arm --with-ecj-jar=/usr/share/java/eclipse-ecj.jar --enable-objc-gc --enable-multiarch --disable-sjlj-exceptions --with-arch=armv7-a --with-fpu=vfpv3-d16 --with-float=hard --with-mode=thumb --enable-checking=release --build=arm-linux-gnueabihf --host=arm-linux-gnueabihf --target=arm-linux-gnueabihf
Thread model: posix
gcc version 6.1.1 20160802 (Debian 6.1.1-11) 
configure:3031: $? = 0
configure:3020: gcc -V >&5
gcc: error: unrecognized command line option '-V'
gcc: fatal error: no input files
compilation terminated.
configure:3031: $? = 1
configure:3020: gcc -qversion >&5
gcc: error: unrecognized command line option '-qversion'; did you mean '--version'?
gcc: fatal error: no input files
compilation terminated.
configure:3031: $? = 1
configure:3051: checking whether the C compiler works
configure:3073: gcc    conftest.c  >&5
configure:3077: $? = 0
configure:3125: result: yes
configure:3128: checking for C compiler default output file name
configure:3130: result: a.out
configure:3136: checking for suffix of executables
configure:3143: gcc -o conftest    conftest.c  >&5
configure:3147: $? = 0
configure:3169: result: 
configure:3191: checking whether we are cross compiling
configure:3199: gcc -o conftest    conftest.c  >&5
configure:3203: $? = 0
configure:3210: ./conftest
configure:3214: $? = 0
configure:3229: result: no
configure:3234: checking for suffix of object files
configure:3256: gcc -c   conftest.c >&5
configure:3260: $? = 0
configure:3281: result: o
configure:3285: checking whether we are using the GNU C compiler
configure:3304: gcc -c   conftest.c >&5
configure:3304: $? = 0
configure:3313: result: yes
configure:3322: checking whether gcc accepts -g
configure:3342: gcc -c -g  conftest.c >&5
configure:3342: $? = 0
configure:3383: result: yes
configure:3400: checking for gcc option to accept ISO C89
configure:3463: gcc  -c -g -O2  conftest.c >&5
configure:3463: $? = 0
configure:3476: result: none needed
configure:3503: checking for library containing clock_gettime
configure:3534: gcc -o conftest -g -O2  -I/usr/local/include  -L/usr/local/lib conftest.c  >&5
configure:3534: $? = 0
configure:3551: result: none required
configure:3559: checking for library containing backtrace
configure:3590: gcc -o conftest -g -O2  -I/usr/local/include  -L/usr/local/lib conftest.c  >&5
configure:3590: $? = 0
configure:3607: result: none required
configure:3615: checking for event_base_new in -levent
configure:3640: gcc -o conftest -g -O2  -I/usr/local/include  -L/usr/local/lib conftest.c -levent   >&5
configure:3640: $? = 0
configure:3649: result: yes
configure:3670: checking how to run the C preprocessor
configure:3701: gcc -E  -I/usr/local/include conftest.c
configure:3701: $? = 0
configure:3715: gcc -E  -I/usr/local/include conftest.c
conftest.c:10:28: fatal error: ac_nonexistent.h: No such file or directory
 #include <ac_nonexistent.h>
                            ^
compilation terminated.
configure:3715: $? = 1
configure: failed program was:
| /* confdefs.h */
| #define PACKAGE_NAME "telegram-cli"
| #define PACKAGE_TARNAME "telegram-cli"
| #define PACKAGE_VERSION "1.0"
| #define PACKAGE_STRING "telegram-cli 1.0"
| #define PACKAGE_BUGREPORT ""
| #define PACKAGE_URL ""
| #define HAVE_LIBEVENT 1
| /* end confdefs.h.  */
| #include <ac_nonexistent.h>
configure:3740: result: gcc -E
configure:3760: gcc -E  -I/usr/local/include conftest.c
configure:3760: $? = 0
configure:3774: gcc -E  -I/usr/local/include conftest.c
conftest.c:10:28: fatal error: ac_nonexistent.h: No such file or directory
 #include <ac_nonexistent.h>
                            ^
compilation terminated.
configure:3774: $? = 1
configure: failed program was:
| /* confdefs.h */
| #define PACKAGE_NAME "telegram-cli"
| #define PACKAGE_TARNAME "telegram-cli"
| #define PACKAGE_VERSION "1.0"
| #define PACKAGE_STRING "telegram-cli 1.0"
| #define PACKAGE_BUGREPORT ""
| #define PACKAGE_URL ""
| #define HAVE_LIBEVENT 1
| /* end confdefs.h.  */
| #include <ac_nonexistent.h>
configure:3803: checking for grep that handles long lines and -e
configure:3861: result: /bin/grep
configure:3866: checking for egrep
configure:3928: result: /bin/grep -E
configure:3933: checking for ANSI C header files
configure:3953: gcc -c -g -O2  -I/usr/local/include conftest.c >&5
configure:3953: $? = 0
configure:4026: gcc -o conftest -g -O2  -I/usr/local/include  -L/usr/local/lib conftest.c -levent  >&5
configure:4026: $? = 0
configure:4026: ./conftest
configure:4026: $? = 0
configure:4037: result: yes
configure:4050: checking for sys/types.h
configure:4050: gcc -c -g -O2  -I/usr/local/include conftest.c >&5
configure:4050: $? = 0
configure:4050: result: yes
configure:4050: checking for sys/stat.h
configure:4050: gcc -c -g -O2  -I/usr/local/include conftest.c >&5
configure:4050: $? = 0
configure:4050: result: yes
configure:4050: checking for stdlib.h
configure:4050: gcc -c -g -O2  -I/usr/local/include conftest.c >&5
configure:4050: $? = 0
configure:4050: result: yes
configure:4050: checking for string.h
configure:4050: gcc -c -g -O2  -I/usr/local/include conftest.c >&5
configure:4050: $? = 0
configure:4050: result: yes
configure:4050: checking for memory.h
configure:4050: gcc -c -g -O2  -I/usr/local/include conftest.c >&5
configure:4050: $? = 0
configure:4050: result: yes
configure:4050: checking for strings.h
configure:4050: gcc -c -g -O2  -I/usr/local/include conftest.c >&5
configure:4050: $? = 0
configure:4050: result: yes
configure:4050: checking for inttypes.h
configure:4050: gcc -c -g -O2  -I/usr/local/include conftest.c >&5
configure:4050: $? = 0
configure:4050: result: yes
configure:4050: checking for stdint.h
configure:4050: gcc -c -g -O2  -I/usr/local/include conftest.c >&5
configure:4050: $? = 0
configure:4050: result: yes
configure:4050: checking for unistd.h
configure:4050: gcc -c -g -O2  -I/usr/local/include conftest.c >&5
configure:4050: $? = 0
configure:4050: result: yes
configure:4062: checking event2/event.h usability
configure:4062: gcc -c -g -O2  -I/usr/local/include conftest.c >&5
configure:4062: $? = 0
configure:4062: result: yes
configure:4062: checking event2/event.h presence
configure:4062: gcc -E  -I/usr/local/include conftest.c
configure:4062: $? = 0
configure:4062: result: yes
configure:4062: checking for event2/event.h
configure:4062: result: yes
configure:4321: checking for pkg-config
configure:4339: found /usr/bin/pkg-config
configure:4351: result: /usr/bin/pkg-config
configure:4407: checking whether compiling and linking against OpenSSL works
Trying link with OPENSSL_LDFLAGS=; OPENSSL_LIBS=-lssl -lcrypto; OPENSSL_INCLUDES=
configure:4429: gcc -o conftest -g -O2   -I/usr/local/include  -L/usr/local/lib  conftest.c -lssl -lcrypto -levent  >&5
configure:4429: $? = 0
configure:4431: result: yes
configure:4458: checking if zlib is wanted
configure:4480: result: yes
configure:4511: checking for inflateEnd in -lz
configure:4536: gcc -o conftest -g -O2  -I/usr/local/include -I/usr/include  -L/usr/local/lib -L/usr/lib conftest.c -lz  -levent  >&5
configure:4536: $? = 0
configure:4545: result: yes
configure:4553: checking zlib.h usability
configure:4553: gcc -c -g -O2  -I/usr/local/include -I/usr/include conftest.c >&5
configure:4553: $? = 0
configure:4553: result: yes
configure:4553: checking zlib.h presence
configure:4553: gcc -E  -I/usr/local/include -I/usr/include conftest.c
configure:4553: $? = 0
configure:4553: result: yes
configure:4553: checking for zlib.h
configure:4553: result: yes
configure:4589: checking for rl_save_prompt in -lreadline
configure:4614: gcc -o conftest -g -O2  -I/usr/local/include -I/usr/include -I/usr/include  -L/usr/local/lib -L/usr/lib -L/usr/lib conftest.c -lreadline  -lz -levent  >&5
configure:4614: $? = 0
configure:4623: result: yes
configure:4632: checking for libconfig
configure:4694: result: enabled
configure:4696: checking for config_init in -lconfig
configure:4721: gcc -o conftest -g -O2  -I/usr/local/include -I/usr/include -I/usr/include  -L/usr/local/lib -L/usr/lib -L/usr/lib conftest.c -lconfig  -lz -levent  >&5
configure:4721: $? = 0
configure:4730: result: yes
configure:4759: checking for liblua
configure:5437: result: enabled
configure:5449: checking for lua
configure:5467: found /usr/bin/lua
configure:5479: result: /usr/bin/lua
configure:5494: checking if /usr/bin/lua is a Lua interpreter
configure:5498: result: yes
configure:5515: checking for lua version
configure:5525: result: 5.2
configure:5535: checking for lua platform
configure:5542: result: unknown
configure:5552: checking for lua script directory
configure:5591: result: ${prefix}/share/lua/5.2
configure:5598: checking for lua module directory
configure:5637: result: ${exec_prefix}/lib/lua/5.2
configure:5646: checking if LUA_VERSION is defined
configure:5649: result: yes
configure:5668: checking lua.h usability
configure:5668: gcc -c -g -O2  -I/usr/local/include -I/usr/include -I/usr/include  conftest.c >&5
conftest.c:56:17: fatal error: lua.h: No such file or directory
 #include <lua.h>
                 ^
compilation terminated.
configure:5668: $? = 1
configure: failed program was:
| /* confdefs.h */
| #define PACKAGE_NAME "telegram-cli"
| #define PACKAGE_TARNAME "telegram-cli"
| #define PACKAGE_VERSION "1.0"
| #define PACKAGE_STRING "telegram-cli 1.0"
| #define PACKAGE_BUGREPORT ""
| #define PACKAGE_URL ""
| #define HAVE_LIBEVENT 1
| #define STDC_HEADERS 1
| #define HAVE_SYS_TYPES_H 1
| #define HAVE_SYS_STAT_H 1
| #define HAVE_STDLIB_H 1
| #define HAVE_STRING_H 1
| #define HAVE_MEMORY_H 1
| #define HAVE_STRINGS_H 1
| #define HAVE_INTTYPES_H 1
| #define HAVE_STDINT_H 1
| #define HAVE_UNISTD_H 1
| #define EVENT_V2 1
| #define HAVE_LIBZ 1
| #define HAVE_LIBCONFIG 1
| /* end confdefs.h.  */
| #include <stdio.h>
| #ifdef HAVE_SYS_TYPES_H
| # include <sys/types.h>
| #endif
| #ifdef HAVE_SYS_STAT_H
| # include <sys/stat.h>
| #endif
| #ifdef STDC_HEADERS
| # include <stdlib.h>
| # include <stddef.h>
| #else
| # ifdef HAVE_STDLIB_H
| #  include <stdlib.h>
| # endif
| #endif
| #ifdef HAVE_STRING_H
| # if !defined STDC_HEADERS && defined HAVE_MEMORY_H
| #  include <memory.h>
| # endif
| # include <string.h>
| #endif
| #ifdef HAVE_STRINGS_H
| # include <strings.h>
| #endif
| #ifdef HAVE_INTTYPES_H
| # include <inttypes.h>
| #endif
| #ifdef HAVE_STDINT_H
| # include <stdint.h>
| #endif
| #ifdef HAVE_UNISTD_H
| # include <unistd.h>
| #endif
| #include <lua.h>
configure:5668: result: no
configure:5668: checking lua.h presence
configure:5668: gcc -E  -I/usr/local/include -I/usr/include -I/usr/include  conftest.c
conftest.c:23:17: fatal error: lua.h: No such file or directory
 #include <lua.h>
                 ^
compilation terminated.
configure:5668: $? = 1
configure: failed program was:
| /* confdefs.h */
| #define PACKAGE_NAME "telegram-cli"
| #define PACKAGE_TARNAME "telegram-cli"
| #define PACKAGE_VERSION "1.0"
| #define PACKAGE_STRING "telegram-cli 1.0"
| #define PACKAGE_BUGREPORT ""
| #define PACKAGE_URL ""
| #define HAVE_LIBEVENT 1
| #define STDC_HEADERS 1
| #define HAVE_SYS_TYPES_H 1
| #define HAVE_SYS_STAT_H 1
| #define HAVE_STDLIB_H 1
| #define HAVE_STRING_H 1
| #define HAVE_MEMORY_H 1
| #define HAVE_STRINGS_H 1
| #define HAVE_INTTYPES_H 1
| #define HAVE_STDINT_H 1
| #define HAVE_UNISTD_H 1
| #define EVENT_V2 1
| #define HAVE_LIBZ 1
| #define HAVE_LIBCONFIG 1
| /* end confdefs.h.  */
| #include <lua.h>
configure:5668: result: no
configure:5668: checking for lua.h
configure:5668: result: no
configure:5668: checking lualib.h usability
configure:5668: gcc -c -g -O2  -I/usr/local/include -I/usr/include -I/usr/include  conftest.c >&5
conftest.c:56:20: fatal error: lualib.h: No such file or directory
 #include <lualib.h>
                    ^
compilation terminated.
configure:5668: $? = 1
configure: failed program was:
| /* confdefs.h */
| #define PACKAGE_NAME "telegram-cli"
| #define PACKAGE_TARNAME "telegram-cli"
| #define PACKAGE_VERSION "1.0"
| #define PACKAGE_STRING "telegram-cli 1.0"
| #define PACKAGE_BUGREPORT ""
| #define PACKAGE_URL ""
| #define HAVE_LIBEVENT 1
| #define STDC_HEADERS 1
| #define HAVE_SYS_TYPES_H 1
| #define HAVE_SYS_STAT_H 1
| #define HAVE_STDLIB_H 1
| #define HAVE_STRING_H 1
| #define HAVE_MEMORY_H 1
| #define HAVE_STRINGS_H 1
| #define HAVE_INTTYPES_H 1
| #define HAVE_STDINT_H 1
| #define HAVE_UNISTD_H 1
| #define EVENT_V2 1
| #define HAVE_LIBZ 1
| #define HAVE_LIBCONFIG 1
| /* end confdefs.h.  */
| #include <stdio.h>
| #ifdef HAVE_SYS_TYPES_H
| # include <sys/types.h>
| #endif
| #ifdef HAVE_SYS_STAT_H
| # include <sys/stat.h>
| #endif
| #ifdef STDC_HEADERS
| # include <stdlib.h>
| # include <stddef.h>
| #else
| # ifdef HAVE_STDLIB_H
| #  include <stdlib.h>
| # endif
| #endif
| #ifdef HAVE_STRING_H
| # if !defined STDC_HEADERS && defined HAVE_MEMORY_H
| #  include <memory.h>
| # endif
| # include <string.h>
| #endif
| #ifdef HAVE_STRINGS_H
| # include <strings.h>
| #endif
| #ifdef HAVE_INTTYPES_H
| # include <inttypes.h>
| #endif
| #ifdef HAVE_STDINT_H
| # include <stdint.h>
| #endif
| #ifdef HAVE_UNISTD_H
| # include <unistd.h>
| #endif
| #include <lualib.h>
configure:5668: result: no
configure:5668: checking lualib.h presence
configure:5668: gcc -E  -I/usr/local/include -I/usr/include -I/usr/include  conftest.c
conftest.c:23:20: fatal error: lualib.h: No such file or directory
 #include <lualib.h>
                    ^
compilation terminated.
configure:5668: $? = 1
configure: failed program was:
| /* confdefs.h */
| #define PACKAGE_NAME "telegram-cli"
| #define PACKAGE_TARNAME "telegram-cli"
| #define PACKAGE_VERSION "1.0"
| #define PACKAGE_STRING "telegram-cli 1.0"
| #define PACKAGE_BUGREPORT ""
| #define PACKAGE_URL ""
| #define HAVE_LIBEVENT 1
| #define STDC_HEADERS 1
| #define HAVE_SYS_TYPES_H 1
| #define HAVE_SYS_STAT_H 1
| #define HAVE_STDLIB_H 1
| #define HAVE_STRING_H 1
| #define HAVE_MEMORY_H 1
| #define HAVE_STRINGS_H 1
| #define HAVE_INTTYPES_H 1
| #define HAVE_STDINT_H 1
| #define HAVE_UNISTD_H 1
| #define EVENT_V2 1
| #define HAVE_LIBZ 1
| #define HAVE_LIBCONFIG 1
| /* end confdefs.h.  */
| #include <lualib.h>
configure:5668: result: no
configure:5668: checking for lualib.h
configure:5668: result: no
configure:5668: checking lauxlib.h usability
configure:5668: gcc -c -g -O2  -I/usr/local/include -I/usr/include -I/usr/include  conftest.c >&5
conftest.c:56:21: fatal error: lauxlib.h: No such file or directory
 #include <lauxlib.h>
                     ^
compilation terminated.
configure:5668: $? = 1
configure: failed program was:
| /* confdefs.h */
| #define PACKAGE_NAME "telegram-cli"
| #define PACKAGE_TARNAME "telegram-cli"
| #define PACKAGE_VERSION "1.0"
| #define PACKAGE_STRING "telegram-cli 1.0"
| #define PACKAGE_BUGREPORT ""
| #define PACKAGE_URL ""
| #define HAVE_LIBEVENT 1
| #define STDC_HEADERS 1
| #define HAVE_SYS_TYPES_H 1
| #define HAVE_SYS_STAT_H 1
| #define HAVE_STDLIB_H 1
| #define HAVE_STRING_H 1
| #define HAVE_MEMORY_H 1
| #define HAVE_STRINGS_H 1
| #define HAVE_INTTYPES_H 1
| #define HAVE_STDINT_H 1
| #define HAVE_UNISTD_H 1
| #define EVENT_V2 1
| #define HAVE_LIBZ 1
| #define HAVE_LIBCONFIG 1
| /* end confdefs.h.  */
| #include <stdio.h>
| #ifdef HAVE_SYS_TYPES_H
| # include <sys/types.h>
| #endif
| #ifdef HAVE_SYS_STAT_H
| # include <sys/stat.h>
| #endif
| #ifdef STDC_HEADERS
| # include <stdlib.h>
| # include <stddef.h>
| #else
| # ifdef HAVE_STDLIB_H
| #  include <stdlib.h>
| # endif
| #endif
| #ifdef HAVE_STRING_H
| # if !defined STDC_HEADERS && defined HAVE_MEMORY_H
| #  include <memory.h>
| # endif
| # include <string.h>
| #endif
| #ifdef HAVE_STRINGS_H
| # include <strings.h>
| #endif
| #ifdef HAVE_INTTYPES_H
| # include <inttypes.h>
| #endif
| #ifdef HAVE_STDINT_H
| # include <stdint.h>
| #endif
| #ifdef HAVE_UNISTD_H
| # include <unistd.h>
| #endif
| #include <lauxlib.h>
configure:5668: result: no
configure:5668: checking lauxlib.h presence
configure:5668: gcc -E  -I/usr/local/include -I/usr/include -I/usr/include  conftest.c
conftest.c:23:21: fatal error: lauxlib.h: No such file or directory
 #include <lauxlib.h>
                     ^
compilation terminated.
configure:5668: $? = 1
configure: failed program was:
| /* confdefs.h */
| #define PACKAGE_NAME "telegram-cli"
| #define PACKAGE_TARNAME "telegram-cli"
| #define PACKAGE_VERSION "1.0"
| #define PACKAGE_STRING "telegram-cli 1.0"
| #define PACKAGE_BUGREPORT ""
| #define PACKAGE_URL ""
| #define HAVE_LIBEVENT 1
| #define STDC_HEADERS 1
| #define HAVE_SYS_TYPES_H 1
| #define HAVE_SYS_STAT_H 1
| #define HAVE_STDLIB_H 1
| #define HAVE_STRING_H 1
| #define HAVE_MEMORY_H 1
| #define HAVE_STRINGS_H 1
| #define HAVE_INTTYPES_H 1
| #define HAVE_STDINT_H 1
| #define HAVE_UNISTD_H 1
| #define EVENT_V2 1
| #define HAVE_LIBZ 1
| #define HAVE_LIBCONFIG 1
| /* end confdefs.h.  */
| #include <lauxlib.h>
configure:5668: result: no
configure:5668: checking for lauxlib.h
configure:5668: result: no
configure:5668: checking luaconf.h usability
configure:5668: gcc -c -g -O2  -I/usr/local/include -I/usr/include -I/usr/include  conftest.c >&5
conftest.c:56:21: fatal error: luaconf.h: No such file or directory
 #include <luaconf.h>
                     ^
compilation terminated.
configure:5668: $? = 1
configure: failed program was:
| /* confdefs.h */
| #define PACKAGE_NAME "telegram-cli"
| #define PACKAGE_TARNAME "telegram-cli"
| #define PACKAGE_VERSION "1.0"
| #define PACKAGE_STRING "telegram-cli 1.0"
| #define PACKAGE_BUGREPORT ""
| #define PACKAGE_URL ""
| #define HAVE_LIBEVENT 1
| #define STDC_HEADERS 1
| #define HAVE_SYS_TYPES_H 1
| #define HAVE_SYS_STAT_H 1
| #define HAVE_STDLIB_H 1
| #define HAVE_STRING_H 1
| #define HAVE_MEMORY_H 1
| #define HAVE_STRINGS_H 1
| #define HAVE_INTTYPES_H 1
| #define HAVE_STDINT_H 1
| #define HAVE_UNISTD_H 1
| #define EVENT_V2 1
| #define HAVE_LIBZ 1
| #define HAVE_LIBCONFIG 1
| /* end confdefs.h.  */
| #include <stdio.h>
| #ifdef HAVE_SYS_TYPES_H
| # include <sys/types.h>
| #endif
| #ifdef HAVE_SYS_STAT_H
| # include <sys/stat.h>
| #endif
| #ifdef STDC_HEADERS
| # include <stdlib.h>
| # include <stddef.h>
| #else
| # ifdef HAVE_STDLIB_H
| #  include <stdlib.h>
| # endif
| #endif
| #ifdef HAVE_STRING_H
| # if !defined STDC_HEADERS && defined HAVE_MEMORY_H
| #  include <memory.h>
| # endif
| # include <string.h>
| #endif
| #ifdef HAVE_STRINGS_H
| # include <strings.h>
| #endif
| #ifdef HAVE_INTTYPES_H
| # include <inttypes.h>
| #endif
| #ifdef HAVE_STDINT_H
| # include <stdint.h>
| #endif
| #ifdef HAVE_UNISTD_H
| # include <unistd.h>
| #endif
| #include <luaconf.h>
configure:5668: result: no
configure:5668: checking luaconf.h presence
configure:5668: gcc -E  -I/usr/local/include -I/usr/include -I/usr/include  conftest.c
conftest.c:23:21: fatal error: luaconf.h: No such file or directory
 #include <luaconf.h>
                     ^
compilation terminated.
configure:5668: $? = 1
configure: failed program was:
| /* confdefs.h */
| #define PACKAGE_NAME "telegram-cli"
| #define PACKAGE_TARNAME "telegram-cli"
| #define PACKAGE_VERSION "1.0"
| #define PACKAGE_STRING "telegram-cli 1.0"
| #define PACKAGE_BUGREPORT ""
| #define PACKAGE_URL ""
| #define HAVE_LIBEVENT 1
| #define STDC_HEADERS 1
| #define HAVE_SYS_TYPES_H 1
| #define HAVE_SYS_STAT_H 1
| #define HAVE_STDLIB_H 1
| #define HAVE_STRING_H 1
| #define HAVE_MEMORY_H 1
| #define HAVE_STRINGS_H 1
| #define HAVE_INTTYPES_H 1
| #define HAVE_STDINT_H 1
| #define HAVE_UNISTD_H 1
| #define EVENT_V2 1
| #define HAVE_LIBZ 1
| #define HAVE_LIBCONFIG 1
| /* end confdefs.h.  */
| #include <luaconf.h>
configure:5668: result: no
configure:5668: checking for luaconf.h
configure:5668: result: no
configure:5692: checking for Lua headers in
configure:5694: result: /usr/include/lua5.2
configure:5707: checking lua.h usability
configure:5707: gcc -c -g -O2  -I/usr/local/include -I/usr/include -I/usr/include -I/usr/include/lua5.2 conftest.c >&5
configure:5707: $? = 0
configure:5707: result: yes
configure:5707: checking lua.h presence
configure:5707: gcc -E  -I/usr/local/include -I/usr/include -I/usr/include -I/usr/include/lua5.2 conftest.c
configure:5707: $? = 0
configure:5707: result: yes
configure:5707: checking for lua.h
configure:5707: result: yes
configure:5707: checking lualib.h usability
configure:5707: gcc -c -g -O2  -I/usr/local/include -I/usr/include -I/usr/include -I/usr/include/lua5.2 conftest.c >&5
configure:5707: $? = 0
configure:5707: result: yes
configure:5707: checking lualib.h presence
configure:5707: gcc -E  -I/usr/local/include -I/usr/include -I/usr/include -I/usr/include/lua5.2 conftest.c
configure:5707: $? = 0
configure:5707: result: yes
configure:5707: checking for lualib.h
configure:5707: result: yes
configure:5707: checking lauxlib.h usability
configure:5707: gcc -c -g -O2  -I/usr/local/include -I/usr/include -I/usr/include -I/usr/include/lua5.2 conftest.c >&5
configure:5707: $? = 0
configure:5707: result: yes
configure:5707: checking lauxlib.h presence
configure:5707: gcc -E  -I/usr/local/include -I/usr/include -I/usr/include -I/usr/include/lua5.2 conftest.c
configure:5707: $? = 0
configure:5707: result: yes
configure:5707: checking for lauxlib.h
configure:5707: result: yes
configure:5707: checking luaconf.h usability
configure:5707: gcc -c -g -O2  -I/usr/local/include -I/usr/include -I/usr/include -I/usr/include/lua5.2 conftest.c >&5
configure:5707: $? = 0
configure:5707: result: yes
configure:5707: checking luaconf.h presence
configure:5707: gcc -E  -I/usr/local/include -I/usr/include -I/usr/include -I/usr/include/lua5.2 conftest.c
configure:5707: $? = 0
configure:5707: result: yes
configure:5707: checking for luaconf.h
configure:5707: result: yes
configure:5730: checking for Lua header version
configure:5757: gcc -o conftest -g -O2  -I/usr/local/include -I/usr/include -I/usr/include -I/usr/include/lua5.2  -L/usr/local/lib -L/usr/lib -L/usr/lib conftest.c -lconfig -lz -levent  >&5
configure:5757: $? = 0
configure:5757: ./conftest
configure:5757: $? = 0
configure:5772: result: 5.2
configure:5775: checking if Lua header version matches 5.2
configure:5778: result: yes
configure:5804: checking if LUA_VERSION is defined
configure:5807: result: yes
configure:5890: checking for library containing exp
configure:5921: gcc -o conftest -g -O2  -I/usr/local/include -I/usr/include -I/usr/include  -L/usr/local/lib -L/usr/lib -L/usr/lib conftest.c -lconfig -lz -levent   >&5
conftest.c:34:6: warning: conflicting types for built-in function 'exp'
 char exp ();
      ^~~
/tmp/ccqwdM6e.o: In function `main':
/root/TeleSeed/tg/conftest.c:38: undefined reference to `exp'
collect2: error: ld returned 1 exit status
configure:5921: $? = 1
configure: failed program was:
| /* confdefs.h */
| #define PACKAGE_NAME "telegram-cli"
| #define PACKAGE_TARNAME "telegram-cli"
| #define PACKAGE_VERSION "1.0"
| #define PACKAGE_STRING "telegram-cli 1.0"
| #define PACKAGE_BUGREPORT ""
| #define PACKAGE_URL ""
| #define HAVE_LIBEVENT 1
| #define STDC_HEADERS 1
| #define HAVE_SYS_TYPES_H 1
| #define HAVE_SYS_STAT_H 1
| #define HAVE_STDLIB_H 1
| #define HAVE_STRING_H 1
| #define HAVE_MEMORY_H 1
| #define HAVE_STRINGS_H 1
| #define HAVE_INTTYPES_H 1
| #define HAVE_STDINT_H 1
| #define HAVE_UNISTD_H 1
| #define EVENT_V2 1
| #define HAVE_LIBZ 1
| #define HAVE_LIBCONFIG 1
| #define HAVE_LUA_H 1
| #define HAVE_LUALIB_H 1
| #define HAVE_LAUXLIB_H 1
| #define HAVE_LUACONF_H 1
| /* end confdefs.h.  */
| 
| /* Override any GCC internal prototype to avoid an error.
|    Use char because int might match the return type of a GCC
|    builtin and then its argument prototype would still apply.  */
| #ifdef __cplusplus
| extern "C"
| #endif
| char exp ();
| int
| main ()
| {
| return exp ();
|   ;
|   return 0;
| }
configure:5921: gcc -o conftest -g -O2  -I/usr/local/include -I/usr/include -I/usr/include  -L/usr/local/lib -L/usr/lib -L/usr/lib conftest.c -lm  -lconfig -lz -levent   >&5
conftest.c:34:6: warning: conflicting types for built-in function 'exp'
 char exp ();
      ^~~
configure:5921: $? = 0
configure:5938: result: -lm
configure:5946: checking for library containing dlopen
configure:5977: gcc -o conftest -g -O2  -I/usr/local/include -I/usr/include -I/usr/include  -L/usr/local/lib -L/usr/lib -L/usr/lib conftest.c -lm -lconfig -lz -levent   >&5
/tmp/ccieDTBj.o: In function `main':
/root/TeleSeed/tg/conftest.c:38: undefined reference to `dlopen'
collect2: error: ld returned 1 exit status
configure:5977: $? = 1
configure: failed program was:
| /* confdefs.h */
| #define PACKAGE_NAME "telegram-cli"
| #define PACKAGE_TARNAME "telegram-cli"
| #define PACKAGE_VERSION "1.0"
| #define PACKAGE_STRING "telegram-cli 1.0"
| #define PACKAGE_BUGREPORT ""
| #define PACKAGE_URL ""
| #define HAVE_LIBEVENT 1
| #define STDC_HEADERS 1
| #define HAVE_SYS_TYPES_H 1
| #define HAVE_SYS_STAT_H 1
| #define HAVE_STDLIB_H 1
| #define HAVE_STRING_H 1
| #define HAVE_MEMORY_H 1
| #define HAVE_STRINGS_H 1
| #define HAVE_INTTYPES_H 1
| #define HAVE_STDINT_H 1
| #define HAVE_UNISTD_H 1
| #define EVENT_V2 1
| #define HAVE_LIBZ 1
| #define HAVE_LIBCONFIG 1
| #define HAVE_LUA_H 1
| #define HAVE_LUALIB_H 1
| #define HAVE_LAUXLIB_H 1
| #define HAVE_LUACONF_H 1
| /* end confdefs.h.  */
| 
| /* Override any GCC internal prototype to avoid an error.
|    Use char because int might match the return type of a GCC
|    builtin and then its argument prototype would still apply.  */
| #ifdef __cplusplus
| extern "C"
| #endif
| char dlopen ();
| int
| main ()
| {
| return dlopen ();
|   ;
|   return 0;
| }
configure:5977: gcc -o conftest -g -O2  -I/usr/local/include -I/usr/include -I/usr/include  -L/usr/local/lib -L/usr/lib -L/usr/lib conftest.c -ldl  -lm -lconfig -lz -levent   >&5
configure:5977: $? = 0
configure:5994: result: -ldl
configure:6016: checking for library containing lua_load
configure:6051: gcc -o conftest -g -O2  -I/usr/local/include -I/usr/include -I/usr/include  -L/usr/local/lib -L/usr/lib -L/usr/lib conftest.c -lconfig -lz -levent   >&5
/tmp/ccY5h2eP.o: In function `main':
/root/TeleSeed/tg/conftest.c:38: undefined reference to `lua_load'
collect2: error: ld returned 1 exit status
configure:6051: $? = 1
configure: failed program was:
| /* confdefs.h */
| #define PACKAGE_NAME "telegram-cli"
| #define PACKAGE_TARNAME "telegram-cli"
| #define PACKAGE_VERSION "1.0"
| #define PACKAGE_STRING "telegram-cli 1.0"
| #define PACKAGE_BUGREPORT ""
| #define PACKAGE_URL ""
| #define HAVE_LIBEVENT 1
| #define STDC_HEADERS 1
| #define HAVE_SYS_TYPES_H 1
| #define HAVE_SYS_STAT_H 1
| #define HAVE_STDLIB_H 1
| #define HAVE_STRING_H 1
| #define HAVE_MEMORY_H 1
| #define HAVE_STRINGS_H 1
| #define HAVE_INTTYPES_H 1
| #define HAVE_STDINT_H 1
| #define HAVE_UNISTD_H 1
| #define EVENT_V2 1
| #define HAVE_LIBZ 1
| #define HAVE_LIBCONFIG 1
| #define HAVE_LUA_H 1
| #define HAVE_LUALIB_H 1
| #define HAVE_LAUXLIB_H 1
| #define HAVE_LUACONF_H 1
| /* end confdefs.h.  */
| 
| /* Override any GCC internal prototype to avoid an error.
|    Use char because int might match the return type of a GCC
|    builtin and then its argument prototype would still apply.  */
| #ifdef __cplusplus
| extern "C"
| #endif
| char lua_load ();
| int
| main ()
| {
| return lua_load ();
|   ;
|   return 0;
| }
configure:6051: gcc -o conftest -g -O2  -I/usr/local/include -I/usr/include -I/usr/include  -L/usr/local/lib -L/usr/lib -L/usr/lib conftest.c -llua5.2  -lm -ldl -lconfig -lz -levent   >&5
configure:6051: $? = 0
configure:6068: result: -llua5.2
configure:6106: checking for python
configure:6348: result: disabled
configure:6356: checking for libjansson
configure:6421: result: enabled
configure:6423: checking for json_array_set_new in -ljansson
configure:6448: gcc -o conftest -g -O2  -I/usr/local/include -I/usr/include -I/usr/include -I/usr/include/lua5.2  -L/usr/local/lib -L/usr/lib -L/usr/lib conftest.c -ljansson  -lconfig -lz -levent  >&5
configure:6448: $? = 0
configure:6457: result: yes
configure:6478: checking progname
configure:6502: result: default
configure:6530: checking execinfo.h usability
configure:6530: gcc -c -g -O2  -I/usr/local/include -I/usr/include -I/usr/include -I/usr/include/lua5.2 conftest.c >&5
configure:6530: $? = 0
configure:6530: result: yes
configure:6530: checking execinfo.h presence
configure:6530: gcc -E  -I/usr/local/include -I/usr/include -I/usr/include -I/usr/include/lua5.2 conftest.c
configure:6530: $? = 0
configure:6530: result: yes
configure:6530: checking for execinfo.h
configure:6530: result: yes
configure:6530: checking fcntl.h usability
configure:6530: gcc -c -g -O2  -I/usr/local/include -I/usr/include -I/usr/include -I/usr/include/lua5.2 conftest.c >&5
configure:6530: $? = 0
configure:6530: result: yes
configure:6530: checking fcntl.h presence
configure:6530: gcc -E  -I/usr/local/include -I/usr/include -I/usr/include -I/usr/include/lua5.2 conftest.c
configure:6530: $? = 0
configure:6530: result: yes
configure:6530: checking for fcntl.h
configure:6530: result: yes
configure:6530: checking malloc.h usability
configure:6530: gcc -c -g -O2  -I/usr/local/include -I/usr/include -I/usr/include -I/usr/include/lua5.2 conftest.c >&5
configure:6530: $? = 0
configure:6530: result: yes
configure:6530: checking malloc.h presence
configure:6530: gcc -E  -I/usr/local/include -I/usr/include -I/usr/include -I/usr/include/lua5.2 conftest.c
configure:6530: $? = 0
configure:6530: result: yes
configure:6530: checking for malloc.h
configure:6530: result: yes
configure:6530: checking netdb.h usability
configure:6530: gcc -c -g -O2  -I/usr/local/include -I/usr/include -I/usr/include -I/usr/include/lua5.2 conftest.c >&5
configure:6530: $? = 0
configure:6530: result: yes
configure:6530: checking netdb.h presence
configure:6530: gcc -E  -I/usr/local/include -I/usr/include -I/usr/include -I/usr/include/lua5.2 conftest.c
configure:6530: $? = 0
configure:6530: result: yes
configure:6530: checking for netdb.h
configure:6530: result: yes
configure:6530: checking for stdlib.h
configure:6530: result: yes
configure:6530: checking for string.h
configure:6530: result: yes
configure:6530: checking for unistd.h
configure:6530: result: yes
configure:6530: checking arpa/inet.h usability
configure:6530: gcc -c -g -O2  -I/usr/local/include -I/usr/include -I/usr/include -I/usr/include/lua5.2 conftest.c >&5
configure:6530: $? = 0
configure:6530: result: yes
configure:6530: checking arpa/inet.h presence
configure:6530: gcc -E  -I/usr/local/include -I/usr/include -I/usr/include -I/usr/include/lua5.2 conftest.c
configure:6530: $? = 0
configure:6530: result: yes
configure:6530: checking for arpa/inet.h
configure:6530: result: yes
configure:6530: checking mach/mach.h usability
configure:6530: gcc -c -g -O2  -I/usr/local/include -I/usr/include -I/usr/include -I/usr/include/lua5.2 conftest.c >&5
conftest.c:71:23: fatal error: mach/mach.h: No such file or directory
 #include <mach/mach.h>
                       ^
compilation terminated.
configure:6530: $? = 1
configure: failed program was:
| /* confdefs.h */
| #define PACKAGE_NAME "telegram-cli"
| #define PACKAGE_TARNAME "telegram-cli"
| #define PACKAGE_VERSION "1.0"
| #define PACKAGE_STRING "telegram-cli 1.0"
| #define PACKAGE_BUGREPORT ""
| #define PACKAGE_URL ""
| #define HAVE_LIBEVENT 1
| #define STDC_HEADERS 1
| #define HAVE_SYS_TYPES_H 1
| #define HAVE_SYS_STAT_H 1
| #define HAVE_STDLIB_H 1
| #define HAVE_STRING_H 1
| #define HAVE_MEMORY_H 1
| #define HAVE_STRINGS_H 1
| #define HAVE_INTTYPES_H 1
| #define HAVE_STDINT_H 1
| #define HAVE_UNISTD_H 1
| #define EVENT_V2 1
| #define HAVE_LIBZ 1
| #define HAVE_LIBCONFIG 1
| #define HAVE_LUA_H 1
| #define HAVE_LUALIB_H 1
| #define HAVE_LAUXLIB_H 1
| #define HAVE_LUACONF_H 1
| #define USE_LUA 1
| #define HAVE_LIBJANSSON 1
| #define USE_JSON 1
| #define HAVE_EXECINFO_H 1
| #define HAVE_FCNTL_H 1
| #define HAVE_MALLOC_H 1
| #define HAVE_NETDB_H 1
| #define HAVE_STDLIB_H 1
| #define HAVE_STRING_H 1
| #define HAVE_UNISTD_H 1
| #define HAVE_ARPA_INET_H 1
| /* end confdefs.h.  */
| #include <stdio.h>
| #ifdef HAVE_SYS_TYPES_H
| # include <sys/types.h>
| #endif
| #ifdef HAVE_SYS_STAT_H
| # include <sys/stat.h>
| #endif
| #ifdef STDC_HEADERS
| # include <stdlib.h>
| # include <stddef.h>
| #else
| # ifdef HAVE_STDLIB_H
| #  include <stdlib.h>
| # endif
| #endif
| #ifdef HAVE_STRING_H
| # if !defined STDC_HEADERS && defined HAVE_MEMORY_H
| #  include <memory.h>
| # endif
| # include <string.h>
| #endif
| #ifdef HAVE_STRINGS_H
| # include <strings.h>
| #endif
| #ifdef HAVE_INTTYPES_H
| # include <inttypes.h>
| #endif
| #ifdef HAVE_STDINT_H
| # include <stdint.h>
| #endif
| #ifdef HAVE_UNISTD_H
| # include <unistd.h>
| #endif
| #include <mach/mach.h>
configure:6530: result: no
configure:6530: checking mach/mach.h presence
configure:6530: gcc -E  -I/usr/local/include -I/usr/include -I/usr/include -I/usr/include/lua5.2 conftest.c
conftest.c:38:23: fatal error: mach/mach.h: No such file or directory
 #include <mach/mach.h>
                       ^
compilation terminated.
configure:6530: $? = 1
configure: failed program was:
| /* confdefs.h */
| #define PACKAGE_NAME "telegram-cli"
| #define PACKAGE_TARNAME "telegram-cli"
| #define PACKAGE_VERSION "1.0"
| #define PACKAGE_STRING "telegram-cli 1.0"
| #define PACKAGE_BUGREPORT ""
| #define PACKAGE_URL ""
| #define HAVE_LIBEVENT 1
| #define STDC_HEADERS 1
| #define HAVE_SYS_TYPES_H 1
| #define HAVE_SYS_STAT_H 1
| #define HAVE_STDLIB_H 1
| #define HAVE_STRING_H 1
| #define HAVE_MEMORY_H 1
| #define HAVE_STRINGS_H 1
| #define HAVE_INTTYPES_H 1
| #define HAVE_STDINT_H 1
| #define HAVE_UNISTD_H 1
| #define EVENT_V2 1
| #define HAVE_LIBZ 1
| #define HAVE_LIBCONFIG 1
| #define HAVE_LUA_H 1
| #define HAVE_LUALIB_H 1
| #define HAVE_LAUXLIB_H 1
| #define HAVE_LUACONF_H 1
| #define USE_LUA 1
| #define HAVE_LIBJANSSON 1
| #define USE_JSON 1
| #define HAVE_EXECINFO_H 1
| #define HAVE_FCNTL_H 1
| #define HAVE_MALLOC_H 1
| #define HAVE_NETDB_H 1
| #define HAVE_STDLIB_H 1
| #define HAVE_STRING_H 1
| #define HAVE_UNISTD_H 1
| #define HAVE_ARPA_INET_H 1
| /* end confdefs.h.  */
| #include <mach/mach.h>
configure:6530: result: no
configure:6530: checking for mach/mach.h
configure:6530: result: no
configure:6530: checking netinet/in.h usability
configure:6530: gcc -c -g -O2  -I/usr/local/include -I/usr/include -I/usr/include -I/usr/include/lua5.2 conftest.c >&5
configure:6530: $? = 0
configure:6530: result: yes
configure:6530: checking netinet/in.h presence
configure:6530: gcc -E  -I/usr/local/include -I/usr/include -I/usr/include -I/usr/include/lua5.2 conftest.c
configure:6530: $? = 0
configure:6530: result: yes
configure:6530: checking for netinet/in.h
configure:6530: result: yes
configure:6530: checking sys/file.h usability
configure:6530: gcc -c -g -O2  -I/usr/local/include -I/usr/include -I/usr/include -I/usr/include/lua5.2 conftest.c >&5
configure:6530: $? = 0
configure:6530: result: yes
configure:6530: checking sys/file.h presence
configure:6530: gcc -E  -I/usr/local/include -I/usr/include -I/usr/include -I/usr/include/lua5.2 conftest.c
configure:6530: $? = 0
configure:6530: result: yes
configure:6530: checking for sys/file.h
configure:6530: result: yes
configure:6530: checking sys/socket.h usability
configure:6530: gcc -c -g -O2  -I/usr/local/include -I/usr/include -I/usr/include -I/usr/include/lua5.2 conftest.c >&5
configure:6530: $? = 0
configure:6530: result: yes
configure:6530: checking sys/socket.h presence
configure:6530: gcc -E  -I/usr/local/include -I/usr/include -I/usr/include -I/usr/include/lua5.2 conftest.c
configure:6530: $? = 0
configure:6530: result: yes
configure:6530: checking for sys/socket.h
configure:6530: result: yes
configure:6530: checking termios.h usability
configure:6530: gcc -c -g -O2  -I/usr/local/include -I/usr/include -I/usr/include -I/usr/include/lua5.2 conftest.c >&5
configure:6530: $? = 0
configure:6530: result: yes
configure:6530: checking termios.h presence
configure:6530: gcc -E  -I/usr/local/include -I/usr/include -I/usr/include -I/usr/include/lua5.2 conftest.c
configure:6530: $? = 0
configure:6530: result: yes
configure:6530: checking for termios.h
configure:6530: result: yes
configure:6542: checking for size_t
configure:6542: gcc -c -g -O2  -I/usr/local/include -I/usr/include -I/usr/include -I/usr/include/lua5.2 conftest.c >&5
configure:6542: $? = 0
configure:6542: gcc -c -g -O2  -I/usr/local/include -I/usr/include -I/usr/include -I/usr/include/lua5.2 conftest.c >&5
conftest.c: In function 'main':
conftest.c:78:21: error: expected expression before ')' token
 if (sizeof ((size_t)))
                     ^
configure:6542: $? = 1
configure: failed program was:
| /* confdefs.h */
| #define PACKAGE_NAME "telegram-cli"
| #define PACKAGE_TARNAME "telegram-cli"
| #define PACKAGE_VERSION "1.0"
| #define PACKAGE_STRING "telegram-cli 1.0"
| #define PACKAGE_BUGREPORT ""
| #define PACKAGE_URL ""
| #define HAVE_LIBEVENT 1
| #define STDC_HEADERS 1
| #define HAVE_SYS_TYPES_H 1
| #define HAVE_SYS_STAT_H 1
| #define HAVE_STDLIB_H 1
| #define HAVE_STRING_H 1
| #define HAVE_MEMORY_H 1
| #define HAVE_STRINGS_H 1
| #define HAVE_INTTYPES_H 1
| #define HAVE_STDINT_H 1
| #define HAVE_UNISTD_H 1
| #define EVENT_V2 1
| #define HAVE_LIBZ 1
| #define HAVE_LIBCONFIG 1
| #define HAVE_LUA_H 1
| #define HAVE_LUALIB_H 1
| #define HAVE_LAUXLIB_H 1
| #define HAVE_LUACONF_H 1
| #define USE_LUA 1
| #define HAVE_LIBJANSSON 1
| #define USE_JSON 1
| #define HAVE_EXECINFO_H 1
| #define HAVE_FCNTL_H 1
| #define HAVE_MALLOC_H 1
| #define HAVE_NETDB_H 1
| #define HAVE_STDLIB_H 1
| #define HAVE_STRING_H 1
| #define HAVE_UNISTD_H 1
| #define HAVE_ARPA_INET_H 1
| #define HAVE_NETINET_IN_H 1
| #define HAVE_SYS_FILE_H 1
| #define HAVE_SYS_SOCKET_H 1
| #define HAVE_TERMIOS_H 1
| /* end confdefs.h.  */
| #include <stdio.h>
| #ifdef HAVE_SYS_TYPES_H
| # include <sys/types.h>
| #endif
| #ifdef HAVE_SYS_STAT_H
| # include <sys/stat.h>
| #endif
| #ifdef STDC_HEADERS
| # include <stdlib.h>
| # include <stddef.h>
| #else
| # ifdef HAVE_STDLIB_H
| #  include <stdlib.h>
| # endif
| #endif
| #ifdef HAVE_STRING_H
| # if !defined STDC_HEADERS && defined HAVE_MEMORY_H
| #  include <memory.h>
| # endif
| # include <string.h>
| #endif
| #ifdef HAVE_STRINGS_H
| # include <strings.h>
| #endif
| #ifdef HAVE_INTTYPES_H
| # include <inttypes.h>
| #endif
| #ifdef HAVE_STDINT_H
| # include <stdint.h>
| #endif
| #ifdef HAVE_UNISTD_H
| # include <unistd.h>
| #endif
| int
| main ()
| {
| if (sizeof ((size_t)))
| 	    return 0;
|   ;
|   return 0;
| }
configure:6542: result: yes
configure:6553: checking for uid_t in sys/types.h
configure:6572: result: yes
configure:6583: checking for inline
configure:6599: gcc -c -g -O2  -I/usr/local/include -I/usr/include -I/usr/include -I/usr/include/lua5.2 conftest.c >&5
configure:6599: $? = 0
configure:6607: result: inline
configure:6629: checking for stdlib.h
configure:6629: result: yes
configure:6639: checking for GNU libc compatible malloc
configure:6663: gcc -o conftest -g -O2  -I/usr/local/include -I/usr/include -I/usr/include -I/usr/include/lua5.2  -L/usr/local/lib -L/usr/lib -L/usr/lib conftest.c -ljansson -lconfig -lz -levent  >&5
configure:6663: $? = 0
configure:6663: ./conftest
configure:6663: $? = 0
configure:6673: result: yes
configure:6696: checking for stdlib.h
configure:6696: result: yes
configure:6706: checking for GNU libc compatible realloc
configure:6730: gcc -o conftest -g -O2  -I/usr/local/include -I/usr/include -I/usr/include -I/usr/include/lua5.2  -L/usr/local/lib -L/usr/lib -L/usr/lib conftest.c -ljansson -lconfig -lz -levent  >&5
configure:6730: $? = 0
configure:6730: ./conftest
configure:6730: $? = 0
configure:6740: result: yes
configure:6764: checking for alarm
configure:6764: gcc -o conftest -g -O2  -I/usr/local/include -I/usr/include -I/usr/include -I/usr/include/lua5.2  -L/usr/local/lib -L/usr/lib -L/usr/lib conftest.c -ljansson -lconfig -lz -levent  >&5
configure:6764: $? = 0
configure:6764: result: yes
configure:6764: checking for endpwent
configure:6764: gcc -o conftest -g -O2  -I/usr/local/include -I/usr/include -I/usr/include -I/usr/include/lua5.2  -L/usr/local/lib -L/usr/lib -L/usr/lib conftest.c -ljansson -lconfig -lz -levent  >&5
configure:6764: $? = 0
configure:6764: result: yes
configure:6764: checking for memset
configure:6764: gcc -o conftest -g -O2  -I/usr/local/include -I/usr/include -I/usr/include -I/usr/include/lua5.2  -L/usr/local/lib -L/usr/lib -L/usr/lib conftest.c -ljansson -lconfig -lz -levent  >&5
conftest.c:71:6: warning: conflicting types for built-in function 'memset'
 char memset ();
      ^~~~~~
configure:6764: $? = 0
configure:6764: result: yes
configure:6764: checking for memmove
configure:6764: gcc -o conftest -g -O2  -I/usr/local/include -I/usr/include -I/usr/include -I/usr/include/lua5.2  -L/usr/local/lib -L/usr/lib -L/usr/lib conftest.c -ljansson -lconfig -lz -levent  >&5
conftest.c:72:6: warning: conflicting types for built-in function 'memmove'
 char memmove ();
      ^~~~~~~
configure:6764: $? = 0
configure:6764: result: yes
configure:6764: checking for mkdir
configure:6764: gcc -o conftest -g -O2  -I/usr/local/include -I/usr/include -I/usr/include -I/usr/include/lua5.2  -L/usr/local/lib -L/usr/lib -L/usr/lib conftest.c -ljansson -lconfig -lz -levent  >&5
configure:6764: $? = 0
configure:6764: result: yes
configure:6764: checking for select
configure:6764: gcc -o conftest -g -O2  -I/usr/local/include -I/usr/include -I/usr/include -I/usr/include/lua5.2  -L/usr/local/lib -L/usr/lib -L/usr/lib conftest.c -ljansson -lconfig -lz -levent  >&5
configure:6764: $? = 0
configure:6764: result: yes
configure:6764: checking for socket
configure:6764: gcc -o conftest -g -O2  -I/usr/local/include -I/usr/include -I/usr/include -I/usr/include/lua5.2  -L/usr/local/lib -L/usr/lib -L/usr/lib conftest.c -ljansson -lconfig -lz -levent  >&5
configure:6764: $? = 0
configure:6764: result: yes
configure:6764: checking for strdup
configure:6764: gcc -o conftest -g -O2  -I/usr/local/include -I/usr/include -I/usr/include -I/usr/include/lua5.2  -L/usr/local/lib -L/usr/lib -L/usr/lib conftest.c -ljansson -lconfig -lz -levent  >&5
conftest.c:76:6: warning: conflicting types for built-in function 'strdup'
 char strdup ();
      ^~~~~~
configure:6764: $? = 0
configure:6764: result: yes
configure:6764: checking for strndup
configure:6764: gcc -o conftest -g -O2  -I/usr/local/include -I/usr/include -I/usr/include -I/usr/include/lua5.2  -L/usr/local/lib -L/usr/lib -L/usr/lib conftest.c -ljansson -lconfig -lz -levent  >&5
conftest.c:77:6: warning: conflicting types for built-in function 'strndup'
 char strndup ();
      ^~~~~~~
configure:6764: $? = 0
configure:6764: result: yes
configure:6764: checking for uname
configure:6764: gcc -o conftest -g -O2  -I/usr/local/include -I/usr/include -I/usr/include -I/usr/include/lua5.2  -L/usr/local/lib -L/usr/lib -L/usr/lib conftest.c -ljansson -lconfig -lz -levent  >&5
configure:6764: $? = 0
configure:6764: result: yes
configure:6777: checking for __builtin_bswap32
configure:6796: gcc -o conftest -g -O2  -I/usr/local/include -I/usr/include -I/usr/include -I/usr/include/lua5.2  -L/usr/local/lib -L/usr/lib -L/usr/lib conftest.c -ljansson -lconfig -lz -levent  >&5
configure:6796: $? = 0
configure:6805: result: yes
configure:6936: creating ./config.status

## ---------------------- ##
## Running config.status. ##
## ---------------------- ##

This file was extended by telegram-cli config.status 1.0, which was
generated by GNU Autoconf 2.69.  Invocation command line was

  CONFIG_FILES    = 
  CONFIG_HEADERS  = 
  CONFIG_LINKS    = 
  CONFIG_COMMANDS = 
  $ ./config.status 

on kali

config.status:858: creating Makefile
config.status:858: creating config.h
config.status:1028: config.h is unchanged

## ---------------- ##
## Cache variables. ##
## ---------------- ##

ac_cv_c_compiler_gnu=yes
ac_cv_c_inline=inline
ac_cv_env_CC_set=
ac_cv_env_CC_value=
ac_cv_env_CFLAGS_set=
ac_cv_env_CFLAGS_value=
ac_cv_env_CPPFLAGS_set=
ac_cv_env_CPPFLAGS_value=
ac_cv_env_CPP_set=
ac_cv_env_CPP_value=
ac_cv_env_LDFLAGS_set=
ac_cv_env_LDFLAGS_value=
ac_cv_env_LIBS_set=
ac_cv_env_LIBS_value=
ac_cv_env_LUA_INCLUDE_set=
ac_cv_env_LUA_INCLUDE_value=
ac_cv_env_LUA_LIB_set=
ac_cv_env_LUA_LIB_value=
ac_cv_env_LUA_set=
ac_cv_env_LUA_value=
ac_cv_env_build_alias_set=
ac_cv_env_build_alias_value=
ac_cv_env_host_alias_set=
ac_cv_env_host_alias_value=
ac_cv_env_target_alias_set=
ac_cv_env_target_alias_value=
ac_cv_func_alarm=yes
ac_cv_func_endpwent=yes
ac_cv_func_malloc_0_nonnull=yes
ac_cv_func_memmove=yes
ac_cv_func_memset=yes
ac_cv_func_mkdir=yes
ac_cv_func_realloc_0_nonnull=yes
ac_cv_func_select=yes
ac_cv_func_socket=yes
ac_cv_func_strdup=yes
ac_cv_func_strndup=yes
ac_cv_func_uname=yes
ac_cv_header_arpa_inet_h=yes
ac_cv_header_event2_event_h=yes
ac_cv_header_execinfo_h=yes
ac_cv_header_fcntl_h=yes
ac_cv_header_inttypes_h=yes
ac_cv_header_lauxlib_h=yes
ac_cv_header_lua_h=yes
ac_cv_header_luaconf_h=yes
ac_cv_header_lualib_h=yes
ac_cv_header_mach_mach_h=no
ac_cv_header_malloc_h=yes
ac_cv_header_memory_h=yes
ac_cv_header_netdb_h=yes
ac_cv_header_netinet_in_h=yes
ac_cv_header_stdc=yes
ac_cv_header_stdint_h=yes
ac_cv_header_stdlib_h=yes
ac_cv_header_string_h=yes
ac_cv_header_strings_h=yes
ac_cv_header_sys_file_h=yes
ac_cv_header_sys_socket_h=yes
ac_cv_header_sys_stat_h=yes
ac_cv_header_sys_types_h=yes
ac_cv_header_termios_h=yes
ac_cv_header_unistd_h=yes
ac_cv_header_zlib_h=yes
ac_cv_lib_config_config_init=yes
ac_cv_lib_event_event_base_new=yes
ac_cv_lib_jansson_json_array_set_new=yes
ac_cv_lib_readline_rl_save_prompt=yes
ac_cv_lib_z_inflateEnd=yes
ac_cv_objext=o
ac_cv_path_EGREP='/bin/grep -E'
ac_cv_path_GREP=/bin/grep
ac_cv_path_LUA=/usr/bin/lua
ac_cv_path_PKG_CONFIG=/usr/bin/pkg-config
ac_cv_prog_CPP='gcc -E'
ac_cv_prog_ac_ct_CC=gcc
ac_cv_prog_cc_c89=
ac_cv_prog_cc_g=yes
ac_cv_search_backtrace='none required'
ac_cv_search_clock_gettime='none required'
ac_cv_search_dlopen=-ldl
ac_cv_search_exp=-lm
ac_cv_search_lua_load=-llua5.2
ac_cv_type_size_t=yes
ac_cv_type_uid_t=yes
ax_cv_have___builtin_bswap32=yes
ax_cv_lua_header_version=5.2
ax_cv_lua_luadir='${prefix}/share/lua/5.2'
ax_cv_lua_luaexecdir='${exec_prefix}/lib/lua/5.2'
ax_cv_lua_platform=unknown
ax_cv_lua_version=5.2
zlib_cv_libz=yes
zlib_cv_zlib_h=yes

## ----------------- ##
## Output variables. ##
## ----------------- ##

CC='gcc'
CFLAGS='-g -O2'
CPP='gcc -E'
CPPFLAGS=' -I/usr/local/include -I/usr/include -I/usr/include -I/usr/include/lua5.2'
DEFS='-DHAVE_CONFIG_H'
ECHO_C=''
ECHO_N='-n'
ECHO_T=''
EGREP='/bin/grep -E'
EXEEXT=''
EXTRA_LIBS=' -lreadline -llua5.2  -lm -ldl'
GREP='/bin/grep'
LDFLAGS=' -L/usr/local/lib -L/usr/lib -L/usr/lib'
LIBOBJS=''
LIBS='-ljansson -lconfig -lz -levent '
LTLIBOBJS=''
LUA='/usr/bin/lua'
LUA_EXEC_PREFIX='${exec_prefix}'
LUA_INCLUDE='-I/usr/include/lua5.2'
LUA_LIB='-llua5.2  -lm -ldl'
LUA_PLATFORM='unknown'
LUA_PREFIX='${prefix}'
LUA_SHORT_VERSION='52'
LUA_VERSION='5.2'
OBJEXT='o'
OPENSSL_INCLUDES=''
OPENSSL_LDFLAGS=''
OPENSSL_LIBS='-lssl -lcrypto'
PACKAGE_BUGREPORT=''
PACKAGE_NAME='telegram-cli'
PACKAGE_STRING='telegram-cli 1.0'
PACKAGE_TARNAME='telegram-cli'
PACKAGE_URL=''
PACKAGE_VERSION='1.0'
PATH_SEPARATOR=':'
PKG_CONFIG='/usr/bin/pkg-config'
PYTHON_BIN=''
PYTHON_CFLAGS=''
PYTHON_FOUND=''
PYTHON_INCLUDE_DIR=''
PYTHON_LIB=''
PYTHON_LIBS=''
SHELL='/bin/bash'
ac_ct_CC='gcc'
bindir='${exec_prefix}/bin'
build_alias=''
datadir='${datarootdir}'
datarootdir='${prefix}/share'
docdir='${datarootdir}/doc/${PACKAGE_TARNAME}'
dvidir='${docdir}'
exec_prefix='${prefix}'
host_alias=''
htmldir='${docdir}'
includedir='${prefix}/include'
infodir='${datarootdir}/info'
libdir='${exec_prefix}/lib'
libexecdir='${exec_prefix}/libexec'
localedir='${datarootdir}/locale'
localstatedir='${prefix}/var'
luadir='${prefix}/share/lua/5.2'
luaexecdir='${exec_prefix}/lib/lua/5.2'
mandir='${datarootdir}/man'
oldincludedir='/usr/include'
pdfdir='${docdir}'
pkgluadir='${luadir}/'
pkgluaexecdir='${luaexecdir}/'
prefix='/usr/local'
program_transform_name='s,x,x,'
psdir='${docdir}'
sbindir='${exec_prefix}/sbin'
sharedstatedir='${prefix}/com'
sysconfdir='${prefix}/etc'
target_alias=''

## ----------- ##
## confdefs.h. ##
## ----------- ##

/* confdefs.h */
#define PACKAGE_NAME "telegram-cli"
#define PACKAGE_TARNAME "telegram-cli"
#define PACKAGE_VERSION "1.0"
#define PACKAGE_STRING "telegram-cli 1.0"
#define PACKAGE_BUGREPORT ""
#define PACKAGE_URL ""
#define HAVE_LIBEVENT 1
#define STDC_HEADERS 1
#define HAVE_SYS_TYPES_H 1
#define HAVE_SYS_STAT_H 1
#define HAVE_STDLIB_H 1
#define HAVE_STRING_H 1
#define HAVE_MEMORY_H 1
#define HAVE_STRINGS_H 1
#define HAVE_INTTYPES_H 1
#define HAVE_STDINT_H 1
#define HAVE_UNISTD_H 1
#define EVENT_V2 1
#define HAVE_LIBZ 1
#define HAVE_LIBCONFIG 1
#define HAVE_LUA_H 1
#define HAVE_LUALIB_H 1
#define HAVE_LAUXLIB_H 1
#define HAVE_LUACONF_H 1
#define USE_LUA 1
#define HAVE_LIBJANSSON 1
#define USE_JSON 1
#define HAVE_EXECINFO_H 1
#define HAVE_FCNTL_H 1
#define HAVE_MALLOC_H 1
#define HAVE_NETDB_H 1
#define HAVE_STDLIB_H 1
#define HAVE_STRING_H 1
#define HAVE_UNISTD_H 1
#define HAVE_ARPA_INET_H 1
#define HAVE_NETINET_IN_H 1
#define HAVE_SYS_FILE_H 1
#define HAVE_SYS_SOCKET_H 1
#define HAVE_TERMIOS_H 1
#define HAVE_STDLIB_H 1
#define HAVE_MALLOC 1
#define HAVE_STDLIB_H 1
#define HAVE_REALLOC 1
#define HAVE_ALARM 1
#define HAVE_ENDPWENT 1
#define HAVE_MEMSET 1
#define HAVE_MEMMOVE 1
#define HAVE_MKDIR 1
#define HAVE_SELECT 1
#define HAVE_SOCKET 1
#define HAVE_STRDUP 1
#define HAVE_STRNDUP 1
#define HAVE_UNAME 1
#define HAVE___BUILTIN_BSWAP32 1

configure: exit 0
